info: Request - Method: GET, URL: /api/foodestate?sub_kategori=Jagung {"timestamp":"2025-02-07T03:42:15.772Z"}
info: Request - Method: POST, URL: /api/login {"timestamp":"2025-02-07T03:52:13.884Z"}
info: Request - Method: GET, URL: /api/foodestate?sub_kategori=Jagung {"timestamp":"2025-02-07T04:19:02.187Z"}
info: Request - Method: GET, URL: /api/foodestate?sub_kategori=Jagung {"timestamp":"2025-02-07T04:20:25.530Z"}
info: Request - Method: GET, URL: /api/%20?sub_kategori=Jagung {"timestamp":"2025-02-07T05:58:46.444Z"}
info: Request - Method: GET, URL: /api/foodestate?sub_kategori=Jagung {"timestamp":"2025-02-07T05:58:58.871Z"}
info: Request - Method: GET, URL: /api/foodestate?sub_kategori=Jagung {"timestamp":"2025-02-07T06:01:44.399Z"}
info: Request - Method: GET, URL: /api/foodestate?sub_kategori=Jagung {"timestamp":"2025-02-07T06:01:44.918Z"}
info: Request - Method: GET, URL: /api/foodestate?sub_kategori=Jagung {"timestamp":"2025-02-07T06:01:45.140Z"}
info: Request - Method: GET, URL: /api/foodestate?sub_kategori=Jagung {"timestamp":"2025-02-07T06:01:47.577Z"}
info: Request - Method: GET, URL: /api/foodestate?sub_kategori=Jagung {"timestamp":"2025-02-07T06:02:56.085Z"}
info: Request - Method: GET, URL: /api/foodestate?sub_kategori=Jagung {"timestamp":"2025-02-07T06:02:57.111Z"}
info: Request - Method: GET, URL: /api/foodestate?sub_kategori=Jagung {"timestamp":"2025-02-07T06:03:43.150Z"}
info: Request - Method: GET, URL: /api/foodestate?sub_kategori=Jagung {"timestamp":"2025-02-07T06:03:58.356Z"}
info: Request - Method: GET, URL: /api/foodestate?sub_kategori=Jagung {"timestamp":"2025-02-07T06:04:02.748Z"}
info: Request - Method: GET, URL: /api/foodestate?sub_kategori=Jagung {"timestamp":"2025-02-07T06:04:07.070Z"}
info: Request - Method: GET, URL: /api/foodestate?sub_kategori=Jagung {"timestamp":"2025-02-07T06:04:07.174Z"}
info: Request - Method: GET, URL: /api/foodestate?sub_kategori=Jagung {"timestamp":"2025-02-07T06:04:08.236Z"}
info: Request - Method: GET, URL: /api/foodestate?sub_kategori=Jagung {"timestamp":"2025-02-07T06:04:08.396Z"}
info: Request - Method: GET, URL: /api/foodestate?sub_kategori=Jagung {"timestamp":"2025-02-07T06:04:08.797Z"}
info: Request - Method: GET, URL: /api/foodestate?sub_kategori=Jagung {"timestamp":"2025-02-07T06:04:09.903Z"}
info: Request - Method: GET, URL: /api/foodestate?sub_kategori=Jagung {"timestamp":"2025-02-07T06:04:10.079Z"}
info: Request - Method: GET, URL: /api/foodestate?sub_kategori=Jagung {"timestamp":"2025-02-07T06:04:12.150Z"}
info: Request - Method: GET, URL: /api/foodestate?sub_kategori=Jagung {"timestamp":"2025-02-07T06:04:13.935Z"}
info: Request - Method: GET, URL: /api/foodestate?sub_kategori=Jagung {"timestamp":"2025-02-07T06:04:31.422Z"}
info: Request - Method: GET, URL: /api/foodestate?sub_kategori=Jagung {"timestamp":"2025-02-07T06:04:31.543Z"}
info: Request - Method: GET, URL: /api/foodestate?sub_kategori=Jagung {"timestamp":"2025-02-07T06:05:11.039Z"}
info: Request - Method: GET, URL: /api/foodestate?sub_kategori=Jagung {"timestamp":"2025-02-07T06:07:21.502Z"}
info: Request - Method: GET, URL: /api/foodestate?sub_kategori=Jagung {"timestamp":"2025-02-07T06:07:39.721Z"}
info: Request - Method: GET, URL: /api/foodestate?sub_kategori=Jagung {"timestamp":"2025-02-07T06:09:04.217Z"}
info: Request - Method: GET, URL: /api/foodestate?sub_kategori=Jagung {"timestamp":"2025-02-07T06:09:09.101Z"}
info: Request - Method: GET, URL: /api/getSlider {"timestamp":"2025-02-07T08:52:42.945Z"}
info: Request - Method: GET, URL: /api/getSlider {"timestamp":"2025-02-07T09:02:48.114Z"}
info: Request - Method: POST, URL: /api/login {"timestamp":"2025-02-07T14:14:52.508Z"}
info: Request - Method: GET, URL: /api/foodestate?sub_kategori=Jagung {"timestamp":"2025-02-07T14:24:10.728Z"}
info: Request - Method: GET, URL: /api/getslider {"timestamp":"2025-02-07T14:32:23.359Z"}
info: Request - Method: GET, URL: /api/foodestate?sub_kategori=Jagung {"timestamp":"2025-02-07T14:33:47.892Z"}
info: Request - Method: GET, URL: /api/getslider {"timestamp":"2025-02-07T14:41:24.296Z"}
info: Request - Method: GET, URL: /api/getslider {"timestamp":"2025-02-07T14:41:27.168Z"}
info: Request - Method: GET, URL: /api/getslider {"timestamp":"2025-02-07T14:41:35.873Z"}
info: Request - Method: GET, URL: /api/getslider {"timestamp":"2025-02-07T14:42:23.146Z"}
info: Request - Method: GET, URL: /api/getslider {"timestamp":"2025-02-07T14:42:23.979Z"}
info: Request - Method: GET, URL: /api/getslider {"timestamp":"2025-02-07T14:42:47.374Z"}
info: Request - Method: GET, URL: /api/getslider {"timestamp":"2025-02-07T14:42:47.647Z"}
info: Request - Method: GET, URL: /api/getslider {"timestamp":"2025-02-07T14:42:53.418Z"}
info: Request - Method: GET, URL: /api/getslider {"timestamp":"2025-02-07T14:43:26.760Z"}
info: Request - Method: GET, URL: /api/getslider {"timestamp":"2025-02-07T14:43:26.907Z"}
info: Request - Method: GET, URL: /api/getslider {"timestamp":"2025-02-07T14:43:31.042Z"}
info: Request - Method: GET, URL: /api/getslider {"timestamp":"2025-02-07T14:43:38.973Z"}
info: Request - Method: GET, URL: /api/getslider {"timestamp":"2025-02-07T14:43:51.827Z"}
info: Request - Method: GET, URL: /api/getslider {"timestamp":"2025-02-07T14:43:52.213Z"}
info: Request - Method: GET, URL: /api/getslider {"timestamp":"2025-02-07T14:43:54.256Z"}
info: Request - Method: GET, URL: /api/getslider {"timestamp":"2025-02-07T14:44:12.492Z"}
info: Request - Method: GET, URL: /api/getslider {"timestamp":"2025-02-07T14:44:20.229Z"}
info: Request - Method: GET, URL: /api/getslider {"timestamp":"2025-02-07T14:44:20.449Z"}
info: Request - Method: GET, URL: /api/getslider {"timestamp":"2025-02-07T14:44:22.804Z"}
info: Request - Method: GET, URL: /api/foodestate?sub_kategori=Jagung {"timestamp":"2025-02-07T14:53:29.712Z"}
info: Request - Method: GET, URL: /api/foodestate?sub_kategori=Jagung {"timestamp":"2025-02-07T14:54:05.751Z"}
info: Request - Method: GET, URL: /api/foodestate?sub_kategori=Jagung {"timestamp":"2025-02-07T15:02:40.836Z"}
info: Request - Method: GET, URL: /api/foodestate?sub_kategori=Jagung {"timestamp":"2025-02-07T15:11:39.091Z"}
info: Request - Method: GET, URL: /api/foodestate?sub_kategori=Jagung {"timestamp":"2025-02-07T15:38:00.331Z"}
info: Request - Method: GET, URL: /api/foodestate?sub_kategori=Padi {"timestamp":"2025-02-07T16:06:01.926Z"}
info: Request - Method: GET, URL: /api/foodestate?sub_kategori=Jagung {"timestamp":"2025-02-07T16:06:06.987Z"}
info: Request - Method: GET, URL: /api/foodestate?sub_kategori=Singkong {"timestamp":"2025-02-07T16:06:12.422Z"}
info: Request - Method: GET, URL: /api/foodestate?sub_kategori=Kedelai {"timestamp":"2025-02-07T16:06:15.224Z"}
info: Request - Method: GET, URL: /api/getslider {"timestamp":"2025-02-07T16:06:19.448Z"}
info: Request - Method: GET, URL: /api/foodestate?sub_kategori=Padi {"timestamp":"2025-02-07T16:09:58.491Z"}
info: Request - Method: GET, URL: /api/foodestate?sub_kategori=Jagung {"timestamp":"2025-02-07T16:10:01.440Z"}
info: Request - Method: GET, URL: /api/foodestate?sub_kategori=Kedelai {"timestamp":"2025-02-07T16:10:05.387Z"}
info: Request - Method: GET, URL: /api/foodestate?sub_kategori=Tebu {"timestamp":"2025-02-07T16:10:07.733Z"}
info: Request - Method: GET, URL: /api/foodestate?sub_kategori=Kedelai {"timestamp":"2025-02-07T16:10:09.911Z"}
info: Request - Method: GET, URL: /api/foodestate?sub_kategori=Jagung {"timestamp":"2025-02-07T16:10:12.108Z"}
info: Request - Method: GET, URL: /api/foodestate?sub_kategori=Padi {"timestamp":"2025-02-07T16:12:37.099Z"}
info: Request - Method: GET, URL: /api/foodestate?sub_kategori=Tebu {"timestamp":"2025-02-07T18:18:07.687Z"}
info: Request - Method: GET, URL: /api/gettable {"timestamp":"2025-02-07T20:01:20.498Z"}
info: Request - Method: GET, URL: /api/gettable {"timestamp":"2025-02-07T20:01:47.847Z"}
info: Request - Method: POST, URL: /api/login {"timestamp":"2025-02-07T20:03:24.497Z"}
info: Request - Method: GET, URL: /api/getslider {"timestamp":"2025-02-07T20:03:24.870Z"}
info: Request - Method: GET, URL: /api/getslider {"timestamp":"2025-02-07T20:03:35.520Z"}
info: Request - Method: GET, URL: /api/gettable?year=5 {"timestamp":"2025-02-07T20:05:07.514Z"}
info: Request - Method: GET, URL: /api/gettable?year=2024 {"timestamp":"2025-02-07T20:05:12.541Z"}
info: Request - Method: GET, URL: /api/foodestate?sub_kategori=Padi {"timestamp":"2025-02-07T20:07:59.545Z"}
info: Request - Method: GET, URL: /api/foodestate?sub_kategori=Jagung {"timestamp":"2025-02-07T20:08:02.239Z"}
info: Request - Method: GET, URL: /api/gettable?year=2024 {"timestamp":"2025-02-07T20:25:16.149Z"}
info: Request - Method: GET, URL: /api/gettable?year=2024 {"timestamp":"2025-02-07T20:28:38.763Z"}
info: Request - Method: GET, URL: /api/gettable?year=2024 {"timestamp":"2025-02-07T20:28:41.120Z"}
info: Request - Method: GET, URL: /api/gettable?year=2024 {"timestamp":"2025-02-07T20:28:47.399Z"}
info: Request - Method: GET, URL: /api/gettable?year=2024 {"timestamp":"2025-02-07T20:29:02.158Z"}
info: Request - Method: GET, URL: /api/gettable?year=2024 {"timestamp":"2025-02-07T20:29:31.573Z"}
info: Request - Method: GET, URL: /api/gettable?year=2024 {"timestamp":"2025-02-07T20:29:31.773Z"}
info: Request - Method: GET, URL: /api/gettable?year=2024 {"timestamp":"2025-02-07T20:29:32.292Z"}
info: Request - Method: GET, URL: /api/gettable?year=2024 {"timestamp":"2025-02-07T20:31:55.205Z"}
info: Request - Method: GET, URL: /api/gettable?year=2024 {"timestamp":"2025-02-07T20:31:55.344Z"}
info: Request - Method: GET, URL: /api/gettable?year=2024 {"timestamp":"2025-02-07T20:31:55.587Z"}
info: Request - Method: GET, URL: /api/gettable?year=2024 {"timestamp":"2025-02-07T20:32:02.349Z"}
info: Request - Method: GET, URL: /api/gettable?year=2024 {"timestamp":"2025-02-07T20:32:02.471Z"}
info: Request - Method: GET, URL: /api/gettable?year=2024 {"timestamp":"2025-02-07T20:32:06.329Z"}
info: Request - Method: GET, URL: /api/gettable?year=2024 {"timestamp":"2025-02-07T20:32:06.519Z"}
info: Request - Method: GET, URL: /api/gettable?year=2024 {"timestamp":"2025-02-07T20:32:06.689Z"}
info: Request - Method: GET, URL: /api/gettable?year=2024 {"timestamp":"2025-02-07T20:32:13.034Z"}
info: Request - Method: GET, URL: /api/gettable?year=2024 {"timestamp":"2025-02-07T20:33:02.847Z"}
info: Request - Method: GET, URL: /api/gettable?year=2024 {"timestamp":"2025-02-07T20:33:13.915Z"}
info: Request - Method: GET, URL: /api/gettable?year=2024 {"timestamp":"2025-02-07T20:33:27.255Z"}
info: Request - Method: GET, URL: /api/gettable?year=2024 {"timestamp":"2025-02-07T20:33:31.905Z"}
info: Request - Method: GET, URL: /api/gettable?year=2024 {"timestamp":"2025-02-07T20:33:55.739Z"}
info: Request - Method: GET, URL: /api/gettable?year=2024 {"timestamp":"2025-02-07T20:34:54.114Z"}
info: Request - Method: GET, URL: /api/gettable?year=2024 {"timestamp":"2025-02-07T20:35:14.808Z"}
info: Request - Method: GET, URL: /api/gettable?year=2024 {"timestamp":"2025-02-07T20:35:15.122Z"}
info: Request - Method: GET, URL: /api/gettable?year=2024 {"timestamp":"2025-02-07T20:35:18.697Z"}
info: Request - Method: GET, URL: /api/gettable?year=2024 {"timestamp":"2025-02-07T20:36:06.261Z"}
info: Request - Method: GET, URL: /api/gettable?year=2024 {"timestamp":"2025-02-07T20:37:30.166Z"}
info: Request - Method: GET, URL: /api/gettable?year=2024 {"timestamp":"2025-02-07T20:38:20.588Z"}
info: Request - Method: GET, URL: /api/gettable?year=2024 {"timestamp":"2025-02-07T20:39:09.980Z"}
info: Request - Method: GET, URL: /api/gettable?year=2024 {"timestamp":"2025-02-07T20:39:40.465Z"}
info: Request - Method: GET, URL: /api/gettable?year=2024 {"timestamp":"2025-02-07T20:42:42.451Z"}
info: Request - Method: GET, URL: /api/getslider {"timestamp":"2025-02-07T20:46:25.608Z"}
info: Request - Method: GET, URL: /api/foodestate?sub_kategori=Padi {"timestamp":"2025-02-07T20:46:27.978Z"}
info: Request - Method: GET, URL: /api/gettable?year=2024 {"timestamp":"2025-02-07T20:46:30.801Z"}
info: Request - Method: GET, URL: /api/gettable?year=2024 {"timestamp":"2025-02-07T20:46:38.261Z"}
info: Request - Method: GET, URL: /api/getslider {"timestamp":"2025-02-07T20:50:32.033Z"}
info: Request - Method: GET, URL: /api/login {"timestamp":"2025-02-07T21:54:13.052Z"}
info: Request - Method: POST, URL: /api/login {"timestamp":"2025-02-07T21:54:58.086Z"}
info: Request - Method: GET, URL: /api/getslider {"timestamp":"2025-02-07T21:54:58.871Z"}
info: Request - Method: GET, URL: /api/foodestate?sub_kategori=Padi {"timestamp":"2025-02-07T22:03:15.347Z"}
info: Request - Method: GET, URL: /api/gettable?year=2024 {"timestamp":"2025-02-07T22:03:17.080Z"}
info: Request - Method: POST, URL: /api/login {"timestamp":"2025-02-08T08:00:44.138Z"}
info: Request - Method: GET, URL: /api/getslider {"timestamp":"2025-02-08T08:00:44.494Z"}
info: Request - Method: GET, URL: /api/gettable?year=2024 {"timestamp":"2025-02-08T08:02:45.636Z"}
info: Request - Method: POST, URL: /api/login {"timestamp":"2025-02-08T08:35:36.756Z"}
info: Request - Method: POST, URL: /api/login {"timestamp":"2025-02-08T15:10:17.851Z"}
info: Request - Method: GET, URL: /api/getslider {"timestamp":"2025-02-08T15:10:18.209Z"}
info: Request - Method: GET, URL: /api/gettable?year=2024 {"timestamp":"2025-02-08T15:10:22.166Z"}
info: Request - Method: GET, URL: /api/getslider {"timestamp":"2025-02-08T16:52:13.043Z"}
info: Request - Method: GET, URL: /api/gettable?year=2024 {"timestamp":"2025-02-08T16:52:37.164Z"}
info: Request - Method: GET, URL: /api/gettable?year=2024 {"timestamp":"2025-02-08T16:52:42.991Z"}
info: Request - Method: GET, URL: /api/getslider {"timestamp":"2025-02-08T16:52:44.510Z"}
info: Request - Method: GET, URL: /api/foodestate?sub_kategori=Padi {"timestamp":"2025-02-08T16:53:45.965Z"}
info: Request - Method: GET, URL: /api/gettable?year=2024 {"timestamp":"2025-02-08T16:53:47.163Z"}
info: Request - Method: GET, URL: /api/getslider {"timestamp":"2025-02-08T16:53:47.809Z"}
info: Request - Method: GET, URL: /api/gettable?year=2024 {"timestamp":"2025-02-08T16:53:49.670Z"}
info: Request - Method: GET, URL: /api/getslider {"timestamp":"2025-02-08T16:53:50.484Z"}
info: Request - Method: GET, URL: /api/getslider {"timestamp":"2025-02-08T16:54:03.762Z"}
info: Request - Method: GET, URL: /api/foodestate?sub_kategori=Padi {"timestamp":"2025-02-08T16:55:00.409Z"}
info: Request - Method: GET, URL: /api/gettable?year=2024 {"timestamp":"2025-02-08T16:55:03.751Z"}
info: Request - Method: GET, URL: /api/getslider {"timestamp":"2025-02-08T16:55:28.826Z"}
info: Request - Method: POST, URL: /api/login {"timestamp":"2025-02-08T16:55:41.518Z"}
info: Request - Method: GET, URL: /api/getslider {"timestamp":"2025-02-08T16:55:41.635Z"}
info: Request - Method: POST, URL: /api/login {"timestamp":"2025-02-08T16:57:05.867Z"}
info: Request - Method: GET, URL: /api/getslider {"timestamp":"2025-02-08T16:57:06.032Z"}
info: Request - Method: POST, URL: /api/login {"timestamp":"2025-02-08T16:59:25.657Z"}
info: Request - Method: POST, URL: /api/login {"timestamp":"2025-02-08T16:59:46.598Z"}
error: Error Cannot access 'userWithoutPassword' before initialization {"timestamp":"2025-02-08T16:59:46.829Z"}
info: Request - Method: POST, URL: /api/login {"timestamp":"2025-02-08T17:01:08.555Z"}
error: Error Cannot access 'userWithoutPassword' before initialization {"timestamp":"2025-02-08T17:01:08.816Z"}
info: Request - Method: POST, URL: /api/login {"timestamp":"2025-02-08T17:01:13.780Z"}
info: Request - Method: POST, URL: /api/login {"timestamp":"2025-02-08T17:01:26.639Z"}
info: Request - Method: POST, URL: /api/login {"timestamp":"2025-02-08T17:02:58.585Z"}
